197
0 13
45608 94192 70546 4346 45948 94356 6990 91997 82022 30723 96767 1599 88544 
1 18
30294 64718 22277 51943 75323 26185 89494 81515 94334 4989 50324 54693 57868 36109 32904 4770 88985 13706 
2 18
99122 81548 95109 7100 35387 2833 88815 16023 29805 59105 70856 96619 70281 86566 85500 11192 9041 81874 
3 14
49233 54205 19769 93556 4982 43193 23414 28715 1441 75988 68679 6008 92770 73436 
4 12
88055 84490 39112 16808 75782 24927 14116 89089 3437 50423 7521 7431 
5 16
31929 32713 47081 83777 14459 30091 69906 62891 34776 86009 98759 70553 90613 48874 41431 85820 
6 15
47182 46 2535 32000 78614 27899 8469 76192 92011 7756 27549 52588 40065 76032 1006 
7 20
37050 47086 22656 27984 79184 70688 37092 40419 32082 21142 12603 71696 95812 17095 84296 63360 87022 37266 90821 50744 
8 12
71854 47723 53591 82683 44699 6488 9995 55075 29784 26670 28843 16557 
9 19
90178 64402 32264 35949 95375 91115 73654 38744 18888 23584 51373 15538 75171 31528 72742 21205 83380 83907 67053 
10 10
42576 36199 2967 40578 25447 38822 24649 77591 12532 14256 
11 18
27005 36879 97198 70210 38257 51837 87231 8607 4869 29132 73881 46556 74826 82602 58221 77382 83794 67649 
12 12
45929 23189 16384 14869 20226 19620 37212 34570 74644 4986 79461 3072 
13 16
34910 92709 80223 25167 33975 84405 46105 22579 80593 59458 14748 292 90680 65060 54831 19001 
14 16
57106 86966 79169 92796 27676 29824 70476 10793 33620 24976 7166 46235 55357 36842 12947 42278 
15 13
12330 97244 34990 8913 2196 83108 29618 17740 23394 21436 17745 59740 1051 
16 18
40720 59477 86246 45051 46573 14484 79317 12081 19163 80933 31044 65538 66289 46212 78933 45060 69365 21273 
17 11
45853 51970 16957 44591 29228 7594 260 96442 25571 55850 72496 
18 13
73308 55842 52255 52395 74997 74125 56601 80302 35169 69057 64396 98878 29586 
19 20
34109 45938 53043 53181 50289 57153 31923 54031 10987 41297 84320 289 82303 84845 77516 62074 59697 33832 2596 15417 
20 18
60514 37314 21904 99671 92494 54544 6642 54112 83263 17453 82710 88220 70902 45286 46404 79689 68344 56269 
21 11
12190 35891 68435 12966 81905 47189 49514 3458 26628 64318 90246 
22 12
92610 82744 82315 93602 28374 72092 44960 52246 75945 22817 61262 2491 
23 14
30360 26317 79922 47054 41636 26113 21213 89639 33589 37676 51430 74428 22914 98955 
24 18
67938 77741 17724 62132 33209 47774 29104 44558 68370 264 480 1864 46348 51615 79114 46741 90615 38835 
25 13
28562 16523 79583 69060 8959 97951 26816 14449 87370 87786 60620 5898 31263 
26 11
55793 33647 28825 57812 18513 79353 89591 31193 38644 36834 21296 
27 11
62977 31660 4210 16616 60997 68826 6037 26450 47183 28774 60124 
28 16
15591 97303 89282 6372 4816 93781 95507 4431 73030 60398 3516 8020 85083 31037 78067 90587 
29 18
69361 80532 50056 99675 23600 12708 69534 33336 80009 93750 77682 68449 68691 66311 97733 77350 33042 55674 
30 9
18368 77688 60328 20501 38354 2933 8490 79533 56455 
32 10
41228 93731 38606 34352 97929 80734 90270 20014 60474 50751 
33 12
79505 14856 92382 34019 37618 16578 65864 52455 67446 30297 68835 69331 
34 15
27800 37051 58167 95869 97750 6351 83619 22903 94768 78776 54026 89682 66243 88521 34868 
35 10
14697 7718 38402 52920 16035 34846 45746 17816 39949 23008 
36 20
99462 26631 89878 30060 43003 18738 78426 38217 63319 19921 35593 46868 59274 73880 26656 99914 95899 2357 25237 77963 
37 15
48474 47505 84584 56840 72497 87774 5214 45921 51214 27304 23993 75287 49544 35308 72136 
38 15
92416 61902 45134 96167 40183 42521 21768 5620 40728 734 21305 51190 97654 10335 8915 
39 10
42324 81581 75554 6160 83488 52877 70955 51883 80241 40361 
40 18
74784 71595 32351 56150 96238 55044 35481 18317 80961 72243 36966 2068 10041 48977 2214 54496 67314 54819 
41 14
98655 96798 14650 48148 86914 12876 81687 48005 94664 3373 23935 55220 7546 45821 
42 14
10211 65467 64401 8725 89954 83940 93173 5504 75467 37126 4919 29654 75269 72038 
43 14
39292 12029 80189 34357 28951 17070 5579 1300 54371 40922 85041 76079 84667 84351 
44 8
42450 44184 99995 41077 68663 55186 47089 70619 
45 18
98282 58149 98809 74095 20500 5047 10583 70497 48991 64975 4932 93604 57568 54179 85937 75469 21814 48669 
48 12
25194 35013 83383 22992 54540 36919 20457 97064 60186 18532 67080 23765 
50 13
84778 42774 29395 17550 18611 75002 16855 39797 68416 61638 25630 41246 10110 
51 15
1232 94821 24139 30233 56863 46326 45737 84968 29380 41132 7612 21756 44207 80425 86536 
53 11
61098 27198 2478 60488 1061 19871 70968 67042 45897 42293 56156 
54 16
81349 24468 1443 66803 49211 30585 67037 13920 42403 16396 25896 84312 97254 72890 50638 52778 
56 15
41616 23611 80656 28047 10723 73709 44576 41258 50165 98966 73146 5487 84270 1975 38063 
62 13
25446 38034 55153 88391 74295 19676 65506 50224 50167 24209 34883 32276 33960 
66 15
61868 15998 54391 13197 83824 56934 69045 26607 11335 77667 22348 49758 70205 55593 72416 
69 13
92147 35067 52387 86023 61389 24952 5808 51531 11810 68154 65739 84681 61912 
70 10
76432 71576 6291 83527 31812 64567 23731 9993 29436 26928 
71 11
75318 6349 65594 75600 85486 74881 70663 62816 40430 39726 48167 
72 18
17698 11162 4881 86298 12452 16099 89314 4102 78903 60433 52737 38635 59615 91784 46450 54942 48253 91093 
74 13
42042 34196 47298 52742 36552 11804 65769 20945 17935 67280 99556 1629 56128 
75 12
72551 22522 19632 43652 92243 28878 28823 80304 45665 43815 90752 65236 
76 17
67143 71229 19617 1634 46769 81635 99304 95928 91509 21821 54818 77142 42055 66622 36898 98446 7302 
77 16
56177 65743 94272 44790 3940 96432 45201 81909 11920 11143 70261 79616 95141 73982 26220 69743 
78 15
43271 12249 53839 14333 53971 54051 6719 25401 17734 25169 20552 5862 51814 74517 7306 
79 13
15601 68010 81522 75224 95827 20294 9743 17409 34003 40712 3069 92238 5547 
80 17
22662 17457 96007 67483 96285 94117 81956 92650 5458 46553 37356 37071 13772 80494 46439 95825 12030 
81 12
83633 50891 13133 46586 31915 62136 40496 36541 10508 44840 50496 84897 
82 18
35441 58931 80234 21704 29937 13415 56986 5893 75523 63147 19844 48471 14052 22224 31572 7065 99404 48886 
83 15
13463 68141 80483 73003 43912 96069 20825 65409 85294 72666 41578 17989 28287 83179 31628 
84 14
37438 37440 90543 18348 71298 90880 18411 82737 41018 90842 58794 33692 45810 82077 
85 16
86169 92115 70641 53643 89512 83166 53981 94608 64587 59997 88729 19037 6616 77360 31742 15863 
86 20
3767 25588 62817 36423 99786 92133 10795 72443 43935 47605 7957 42084 40976 49254 85049 96175 41539 62883 16121 7112 
87 17
50480 57561 98751 34907 85988 21592 27257 78681 25699 2467 71808 28830 44709 5534 50554 41079 98047 
88 19
26920 28074 15842 95943 16004 9925 71517 87879 96717 8235 16584 42841 92257 30039 83567 64710 85299 83687 13921 
89 20
74429 82939 43448 5836 32438 75415 72941 19252 39105 18455 98228 70486 28626 88628 19047 66447 93351 44708 29904 72340 
90 18
74876 64411 23367 30424 20587 52541 84496 1478 9142 65404 40872 95653 47964 37417 37135 95721 72951 83735 
91 12
88836 45233 65828 94831 70086 23080 64959 38927 62289 4615 55882 71046 
94 10
25513 50346 10541 77339 20853 87974 63335 30997 49421 55136 
95 16
39472 40182 73754 82406 19764 18287 7894 56045 28427 58970 33411 50831 8874 13609 60413 12691 
96 10
23281 98580 18674 47636 75670 64405 70781 28444 89929 17801 
97 17
51506 68520 47920 17919 38272 89792 82800 2920 66523 99357 245 7252 51358 23593 43486 58859 27478 
101 16
70616 95514 78088 40385 18985 16959 20446 73147 54173 32249 77210 69032 34930 43781 25582 58595 
102 16
99980 98585 53312 7711 35456 19046 8585 53568 14504 35003 85069 11885 98603 79514 52354 19152 
104 18
29800 465 57272 8280 25130 22166 91304 33150 71482 4844 8094 34586 1385 25835 99872 40195 10565 44000 
105 16
88984 94910 86995 95504 64936 68037 26600 45152 10607 44148 24002 51447 52938 78249 48768 55294 
107 14
48205 79550 82899 52031 18315 11806 11429 92509 13672 33607 50847 321 2626 61850 
109 17
36017 6005 44771 1127 53431 31234 73208 99720 36814 96201 6688 78690 10753 14563 83469 80047 28527 
111 14
78382 97759 1559 20320 61427 1692 70445 40466 55457 79430 45472 38153 8792 15253 
112 14
41284 11114 44301 70867 72141 52160 80573 57312 91132 77268 80378 63369 41452 17832 
113 14
77780 90830 49465 9627 8503 93279 44803 2276 75868 42133 16236 35056 68216 30326 
115 9
44635 15264 99249 5443 76397 50746 60419 58775 55235 
116 12
36649 90103 90934 17924 1333 17844 35172 73207 39838 44003 20463 87578 
117 12
25033 650 70006 67040 47988 77334 77801 5922 84600 1511 60073 77041 
118 12
30661 35787 38829 64898 11010 10454 53367 12280 68736 82617 37300 25685 
119 10
40858 54033 88914 76328 86752 72291 14639 91944 59319 91459 
120 13
56191 27146 65040 75355 86511 49199 75512 12429 91445 66258 87492 49381 75472 
121 13
94287 19182 70547 82704 11099 51179 74932 7974 49864 43329 33377 10942 55971 
122 10
13385 55902 89613 37843 78834 70053 12344 98090 22078 47800 
123 16
18185 41563 20738 52104 72176 58430 28135 18576 36267 56091 22966 67345 7972 93122 10348 50208 
124 20
90452 72008 15639 50535 27245 24050 22781 61355 85089 14060 15396 14797 95809 42217 59965 24621 1761 73992 19998 98554 
125 18
38475 11431 13083 33912 24555 61022 35507 98081 45043 24320 25834 17310 27867 5506 11494 36357 52647 656 
126 13
80097 66217 25398 28788 26235 60367 78172 82184 52847 60661 81361 89595 80486 
127 17
38323 38728 11703 18172 58210 18764 39249 10965 77830 36716 9848 94790 57584 20962 59620 61255 53975 
128 20
52782 37425 39851 65396 70280 59641 80845 97901 75475 24791 91524 3846 23700 5254 76845 64844 1909 12263 25020 61270 
129 19
21181 6860 79097 99552 41535 37171 46338 57394 72361 80185 3088 1657 38127 60713 72054 354 36695 64007 33848 
130 11
23705 67453 78772 52276 78198 83421 15660 92828 18406 74051 87349 
131 17
72352 71666 72683 6272 10523 34517 76953 24483 85533 93985 34978 56828 46392 39690 79822 10950 28985 
132 16
56677 18058 28635 31805 48109 45033 56716 93114 92123 10227 79832 74613 18120 92607 29668 92316 
138 17
32701 19752 19494 1245 90963 71658 46999 82677 26228 9876 59784 89306 38349 17819 3257 96122 89877 
140 15
89909 2293 38510 52046 52687 81907 48853 63228 69001 10582 38144 49928 70493 15021 81310 
204 15
8489 70491 23442 66423 91624 76902 51845 67698 64020 60467 3050 77192 2233 65380 63174 
206 11
20906 61339 56024 99802 68331 77691 772 46843 81848 9231 16479 
207 13
39341 50913 7819 1046 80727 11934 71746 75677 44892 42782 48325 86582 41784 
209 17
54832 47957 82894 60658 19323 91281 81360 89752 36786 61380 38465 38726 52117 75416 9672 21104 19526 
214 13
7759 24605 33145 32494 23906 36839 14657 38109 42425 8955 80324 36885 69623 
216 13
95590 85168 92076 58363 48285 38366 28653 22294 18965 60218 35565 76787 9072 
259 13
37857 53593 39331 42683 38223 55838 92725 30951 20666 55766 27854 71112 71756 
264 20
19188 49444 73181 68055 26064 59053 51971 32309 43906 92154 88161 22244 99607 49927 69178 12083 25941 99300 33829 58244 
266 10
71792 56629 9028 31348 7361 38301 79088 75928 66318 63796 
277 14
6961 35741 74597 5430 34354 79628 62924 19971 83791 63745 41221 76251 77996 73690 
280 10
54053 81644 65173 40505 15745 35551 83505 44013 82621 62311 
516 10
67237 9840 73137 81719 445 30270 42720 93660 32922 397 
540 20
40799 90665 60217 25001 76095 95207 83494 71148 26688 7834 59799 74630 99841 3932 90421 24931 87992 77422 54939 92661 
541 19
42554 38438 25547 60314 84745 35159 43168 55282 41075 71547 30622 88384 76191 17127 23181 76441 65494 75429 11839 
552 18
93115 72792 39401 91985 3350 40748 78860 86882 3013 38476 60875 36936 45611 98978 72647 42570 82324 19140 
553 13
4588 11263 99737 94079 17475 92964 14976 47859 86338 41198 85293 68602 24031 
554 13
46815 29065 40485 81309 54068 82741 28730 48815 84473 45463 86447 48282 2174 
555 17
26049 28172 67932 13054 29340 81758 22635 11256 83947 35007 52206 79265 47424 52560 57518 29929 37310 
556 14
91097 62448 31438 3816 74742 98069 25025 54005 37868 7002 40615 32051 29439 31927 
557 11
48875 88647 53715 90317 21337 30907 89045 79825 13536 34671 46799 
558 19
99483 74924 26202 23348 4498 30348 51950 48959 13933 99826 30287 74118 25585 22106 46209 54132 85440 83367 30914 
559 13
19849 7190 45994 84609 3448 36910 70353 9269 47217 5788 87584 50412 56575 
560 16
44992 7354 31826 41064 494 43582 72904 13308 81791 51380 15010 18659 87742 6850 50900 81657 
561 17
25871 58923 96955 62468 51002 85188 8987 97761 8806 95256 53763 74585 72772 97800 99897 51720 81332 
562 14
50288 92652 30653 18505 53338 13142 26108 83445 48200 90495 46990 7604 89891 72778 
565 18
94326 22766 59147 57301 72658 1022 88491 26902 68933 3890 16487 68861 46224 9086 93177 70360 61311 50365 
568 15
85240 88944 62941 76486 77505 87500 26642 42223 45603 46855 69355 2369 36476 75920 31913 
569 18
45137 38226 29911 8780 93839 72101 56505 33069 45038 7514 57268 88901 97469 66992 41735 66772 58706 42699 
571 13
86139 89592 78054 20225 19435 57458 48390 10556 96106 34855 16583 79996 53022 
572 11
46019 27132 60007 13883 44937 4152 12897 91355 66231 86896 30693 
573 17
92902 46368 96756 65938 26549 26340 59961 50059 48089 83676 870 77151 62042 15841 28165 35876 87552 
574 12
16991 59648 46045 42498 66477 42945 41197 18547 45450 91608 75248 36957 
575 18
91875 30942 55283 30520 21379 54252 60319 13806 56588 12109 21136 28423 13976 53384 27165 82813 46107 54203 
576 12
16664 30843 35571 35371 27135 22253 68442 96841 58222 39389 61498 47697 
577 12
78649 87248 70531 33333 45770 2151 40761 15164 76519 598 48924 71558 
578 12
29867 13912 48172 34193 13210 82787 27214 56382 95765 31925 10340 74902 
579 10
12219 42065 62224 45252 49017 66917 75165 40520 67171 71023 
581 13
82843 9938 70680 91049 59569 36979 32404 9749 76847 65249 50489 72047 13025 
582 17
6853 55321 52278 85600 42420 1547 14208 75501 31226 50482 95223 75488 37301 59914 47118 17808 8310 
583 12
92001 97154 24846 5706 95553 94884 44990 84591 34458 82378 68159 51927 
584 12
74815 60560 51920 65539 68607 16294 8222 17281 8706 67476 25463 70484 
585 15
10728 22158 28778 47000 95338 68035 72114 62068 75655 78187 7897 40085 58239 98225 90553 
586 15
95113 13560 42305 37371 54612 90310 60971 80869 47248 17775 83289 52453 64167 124 76200 
588 13
8376 80507 95513 80184 3141 46204 68018 39871 50149 30865 38278 39322 15110 
589 17
46369 70997 7765 49194 62712 94381 18253 89772 74890 30181 70329 75521 23870 57073 82433 14154 54931 
590 15
43202 70753 43285 89116 37578 18642 43727 28155 29353 42296 91176 66794 71516 60127 48684 
591 20
17873 94574 13947 81663 1056 4934 10485 24529 53076 93494 36684 63788 20925 56387 13749 6503 2324 56038 97 81750 
592 18
90134 15888 48334 93959 71189 84161 79370 94266 92700 2926 12116 51954 18443 58952 86544 3687 67743 84455 
597 14
94818 59222 31275 8945 57217 916 31713 12283 20893 61788 4686 87754 81312 49872 
598 17
34182 22983 77880 76698 41082 12772 26643 49949 5124 27877 38167 71801 19881 28543 31776 88798 26583 
601 11
63440 89734 77085 41848 67317 26911 35850 71690 55818 5774 94757 
602 11
40845 54845 23941 45711 70870 24780 73346 2691 61268 24412 93617 
611 13
94347 99145 67845 19440 91334 74998 25717 71245 14206 36135 46752 23220 81912 
612 15
71701 68655 20331 48100 33025 45460 49608 20125 55449 59614 94121 2593 89095 48745 75713 
613 16
58866 35584 45699 6207 27843 30748 29089 53323 62608 66286 3318 23127 58267 98922 58538 1648 
614 19
76147 60189 78066 65509 92321 21779 13595 7706 6089 55122 98020 30003 81366 87859 42541 5580 62961 15076 32824 
615 13
56400 99444 96922 18155 44439 82845 22915 14381 6259 16170 42106 91633 30275 
616 10
31682 24221 79182 76578 56624 24405 5326 46595 5376 18236 
617 11
70018 90566 53474 38234 94285 15870 88556 62295 95567 64377 5626 
618 19
34493 22642 2280 46460 61967 94819 20262 92553 78846 11733 50644 37347 1004 22756 20063 36585 26953 50768 90761 
619 18
69605 63639 90525 32558 28694 73884 62088 19497 60621 75448 40418 65213 93396 94035 56635 21046 29412 5153 
620 17
31142 10717 63067 27378 17004 69387 51771 86290 30153 75530 76139 53525 11351 33339 51858 52399 90128 
621 12
43914 26690 78237 12449 70418 43214 34869 42478 44732 60228 97480 71051 
622 14
88859 97192 29726 79399 74462 34013 27269 40115 26085 85687 86446 48990 46575 10155 
623 12
51776 75959 14282 92852 69724 58622 27195 60212 6054 7276 75616 93737 
624 13
71885 67332 51620 33516 46604 42914 66647 41220 1755 88397 79619 9189 88375 
625 14
33117 36083 19051 45573 69751 40621 30496 67329 43832 19915 6725 14438 83509 47274 
626 10
46041 94298 85702 60277 58421 25467 49881 37101 56379 18408 
627 20
60962 92874 52170 75802 17668 18989 46427 76493 39432 38799 6016 41993 49106 47618 20137 61874 13907 60226 74570 94802 
628 20
33164 16679 42971 45334 80800 94303 61628 45245 64407 71262 58733 57364 44501 78452 87939 17547 46097 19376 76976 89868 
629 17
86937 63524 68880 52794 45587 48386 18871 91731 46132 39761 88357 62477 34693 5359 51349 16878 36499 
630 12
99705 81689 98988 11154 19257 12850 23529 13442 96602 22262 74942 25126 
631 19
91917 44959 40475 75551 52195 82407 80471 71097 13130 80007 284 96170 45986 22180 47946 4959 54938 90469 58226 
632 14
97804 97493 96298 8767 86053 76566 81875 96951 72510 52298 37982 63330 49454 89162 
633 16
52674 338 67730 12842 22943 25435 62774 5604 35760 85229 56696 40213 98910 68365 79827 89886 
634 14
41413 83594 78516 19360 52936 12377 90470 50190 98509 60863 27156 6906 75910 92945 
635 16
44359 85340 19060 96847 72199 20280 22606 37082 56331 95348 95310 44730 96264 83195 40005 69073 
653 10
71144 4570 87834 24638 57881 3598 51830 64122 71932 34700 
654 17
14962 44593 89640 66 51721 78523 62052 52309 74698 81903 90229 27271 80484 88807 63660 65373 28548 
655 18
9722 52974 60994 59836 85501 68712 56913 24574 36496 43796 20849 30685 13495 65342 68561 458 44843 42177 
656 12
84733 72462 79008 41713 1859 78048 65486 53488 58936 4613 6519 79955 
657 10
62073 35060 56560 28948 42847 27863 18766 39742 83887 7188 
658 11
75253 91171 54927 25120 99348 14556 9247 6848 63429 64219 43288 
659 17
66233 89648 98825 35687 62985 37870 71294 56953 28757 89309 79682 19260 70032 11697 16323 78653 74719 
660 18
13028 95169 95694 4930 40898 41265 27572 25917 51277 44237 71677 21208 80658 34598 77441 70650 23049 58188 
670 17
32941 30010 4271 30092 56364 69335 3678 78 44753 26758 49807 2649 94579 69896 87611 88282 55431 
671 17
5296 47114 27946 91990 46544 22049 53711 7265 84216 42894 14855 16863 21653 16529 31351 75103 76029 
672 10
88872 97881 19788 77869 64764 14983 28266 1186 75845 26742 
928 15
488 16047 43078 46933 20221 28534 28109 89887 63385 507 919 14961 81869 66655 30920 
